2021-06-16 12:15:09:159 [32minfo[39m: [32m[Function: access][39m
2021-06-16 12:15:40:1540 [32minfo[39m: [32mfile:///C:/Users/koren/Documents/GitHub/EPB--Easy-Peasy-Backend/epb-cli/main.js[39m
2021-06-16 12:16:19:1619 [32minfo[39m: [32m[32minfo[32m[39m
2021-06-16 12:16:41:1641 [32minfo[39m: [32m/C:/Users/koren/Documents/GitHub/EPB--Easy-Peasy-Backend/epb-cli/main.js[39m
2021-06-16 12:17:05:175 [32minfo[39m: [32mC:\C:\Users\koren\Documents\GitHub\EPB--Easy-Peasy-Backend\epb-cli\main.js\templates\typescript[39m
2021-06-16 12:17:22:1722 [32minfo[39m: [32mC:\Users\koren\Documents\GitHub\EPB--Easy-Peasy-Backend\file:\C:\Users\koren\Documents\GitHub\EPB--Easy-Peasy-Backend\epb-cli\main.js\templates\typescript[39m
2021-06-16 12:18:59:1859 [32minfo[39m: [32m\C:\Users\koren\Documents\GitHub\EPB--Easy-Peasy-Backend\epb-cli\main.js\templates\typescript[39m
2021-06-16 12:19:05:195 [32minfo[39m: [32mC:\Users\koren\Documents\GitHub\EPB--Easy-Peasy-Backend\epb-cli\main.js\templates\typescript[39m
2021-06-16 12:21:02:212 [32minfo[39m: [32mCopy project files..[39m
2021-06-16 12:21:02:212 [32minfo[39m: [32m%s Project ready, [32m[1mDONE[22m[32m[39m
2021-06-16 12:21:55:2155 [32minfo[39m: [32mCopy project files..[39m
2021-06-16 12:21:55:2155 [32minfo[39m: [32mProject ready, [32m[1mDONE[22m[32m[39m
2021-06-16 12:22:19:2219 [32minfo[39m: [32mCopy project files..[39m
2021-06-16 12:22:19:2219 [32minfo[39m: [32mProject ready, [32m[1mDONE[22m[32m[39m
2021-06-16 12:22:48:2248 [32minfo[39m: [32mCopy project files..[39m
2021-06-16 12:22:48:2248 [32minfo[39m: [32m[32m[1mDONE[22m[32m Project ready, [39m
2021-06-16 12:23:00:230 [32minfo[39m: [32mCopy project files..[39m
2021-06-16 12:23:00:230 [32minfo[39m: [32m[32m[1mDONE[22m[32m Project ready.[39m
2021-06-17 12:49:16:4916 [32minfo[39m: [32mServer is now running at http://localhost:8001/graphql[39m
2021-06-17 12:49:16:4916 [32minfo[39m: [32mconnected to database[39m
2021-06-17 12:56:51:5651 [32minfo[39m: [32mServer is now running at http://localhost:8001/graphql[39m
2021-06-17 12:56:51:5651 [32minfo[39m: [32mconnected to database[39m
2021-06-17 12:57:20:5720 [32minfo[39m: [32mServer is now running at http://localhost:8001/graphql[39m
2021-06-17 12:57:20:5720 [32minfo[39m: [32mconnected to database[39m
2021-06-17 13:05:21:521 [32minfo[39m: [32mServer is now running at http://localhost:8001/graphql[39m
2021-06-17 13:05:21:521 [32minfo[39m: [32mconnected to database[39m
2021-06-17 13:07:00:70 [32minfo[39m: [32mServer is now running at http://localhost:8001/graphql[39m
2021-06-17 13:07:00:70 [32minfo[39m: [32mconnected to database[39m
